Watching for file changes with StatReloader
E:\SaaS souverain\tenants\views_web.py changed, reloading.
Watching for file changes with StatReloader
E:\SaaS souverain\tenants\urls.py changed, reloading.
Watching for file changes with StatReloader
[09/Jun/2026 17:18:56] "GET / HTTP/1.1" 200 5112
[09/Jun/2026 17:18:56] "GET /static/css/main.css HTTP/1.1" 304 0
[09/Jun/2026 17:18:58] "GET /tenants/inscription/ HTTP/1.1" 200 5532
[09/Jun/2026 17:18:59] "POST /tenants/inscription/ HTTP/1.1" 302 0
[09/Jun/2026 17:18:59] "GET /tenants/bienvenue/ HTTP/1.1" 200 13618
[09/Jun/2026 17:18:59] "GET /tenants/telecharger/installeur/windows/ HTTP/1.1" 200 4047
[09/Jun/2026 17:19:51] "GET /login/ HTTP/1.1" 200 1147
[09/Jun/2026 17:19:52] "POST /login/ HTTP/1.1" 302 0
[09/Jun/2026 17:19:52] "GET /tenants/bienvenue/ HTTP/1.1" 200 13618
[09/Jun/2026 17:19:52] "GET /tenants/bienvenue/ HTTP/1.1" 200 13618
[09/Jun/2026 17:19:52] "GET /tenants/telecharger/installeur/windows/ HTTP/1.1" 200 4065
[09/Jun/2026 17:20:56] "GET / HTTP/1.1" 200 5520
[09/Jun/2026 17:21:23] "GET /tenants/inscription/ HTTP/1.1" 200 5532
[09/Jun/2026 17:21:23] "GET /static/css/main.css HTTP/1.1" 304 0
[09/Jun/2026 17:21:23] "GET /static/frontend/public/logoentreprise.png HTTP/1.1" 404 1916
[09/Jun/2026 17:22:06] "POST /tenants/inscription/ HTTP/1.1" 302 0
[09/Jun/2026 17:22:06] "GET /tenants/bienvenue/ HTTP/1.1" 200 13626
[09/Jun/2026 17:22:06] "GET /static/frontend/public/logoentreprise.png HTTP/1.1" 404 1916
[09/Jun/2026 17:22:56] "GET / HTTP/1.1" 200 5512
[09/Jun/2026 17:22:56] "GET /static/css/main.css HTTP/1.1" 304 0
[09/Jun/2026 17:55:09] "GET / HTTP/1.1" 200 5512
[09/Jun/2026 17:55:10] "GET /static/css/main.css HTTP/1.1" 304 0
[09/Jun/2026 17:56:53] "GET /tenants/ HTTP/1.1" 200 6846
[09/Jun/2026 17:56:58] "GET /tenants/bea3640d-ebe5-4841-be49-14453334cee9/supprimer/ HTTP/1.1" 200 3259
[09/Jun/2026 17:56:59] "POST /tenants/bea3640d-ebe5-4841-be49-14453334cee9/supprimer/ HTTP/1.1" 302 0
[09/Jun/2026 17:56:59] "GET /tenants/ HTTP/1.1" 200 6280
[09/Jun/2026 17:57:01] "GET /tenants/23172fb8-92e7-4996-9196-2a875cf15e31/supprimer/ HTTP/1.1" 200 3247
[09/Jun/2026 17:57:02] "POST /tenants/23172fb8-92e7-4996-9196-2a875cf15e31/supprimer/ HTTP/1.1" 302 0
[09/Jun/2026 17:57:02] "GET /tenants/ HTTP/1.1" 200 5591
[09/Jun/2026 17:57:03] "GET /tenants/9916a13f-1f8e-44d6-a5fd-23fbf982eb9c/supprimer/ HTTP/1.1" 200 3229
[09/Jun/2026 17:57:05] "POST /tenants/9916a13f-1f8e-44d6-a5fd-23fbf982eb9c/supprimer/ HTTP/1.1" 302 0
[09/Jun/2026 17:57:06] "GET /tenants/ HTTP/1.1" 200 4907
[09/Jun/2026 17:57:07] "GET /tenants/bf602d15-5860-456b-b918-068890965e7e/supprimer/ HTTP/1.1" 200 3226
[09/Jun/2026 17:57:08] "POST /tenants/bf602d15-5860-456b-b918-068890965e7e/supprimer/ HTTP/1.1" 302 0
[09/Jun/2026 17:57:08] "GET /tenants/ HTTP/1.1" 200 4229
[09/Jun/2026 17:57:09] "GET /tenants/eb4ea2ee-bae0-43a0-979c-605361996f15/supprimer/ HTTP/1.1" 200 3247
[09/Jun/2026 17:57:09] "POST /tenants/eb4ea2ee-bae0-43a0-979c-605361996f15/supprimer/ HTTP/1.1" 302 0
[09/Jun/2026 17:57:10] "GET /tenants/ HTTP/1.1" 200 3542
[09/Jun/2026 17:57:10] "GET /tenants/6c2b694a-63e5-44a2-a99a-c8bf57e6b2ed/supprimer/ HTTP/1.1" 200 3244
[09/Jun/2026 17:57:16] "POST /tenants/6c2b694a-63e5-44a2-a99a-c8bf57e6b2ed/supprimer/ HTTP/1.1" 302 0
[09/Jun/2026 17:57:16] "GET /tenants/ HTTP/1.1" 200 3019
Not Found: /tenants/6c2b694a-63e5-44a2-a99a-c8bf57e6b2ed/supprimer/
[09/Jun/2026 17:57:17] "POST /tenants/6c2b694a-63e5-44a2-a99a-c8bf57e6b2ed/supprimer/ HTTP/1.1" 404 5635
[09/Jun/2026 17:57:27] "GET /tenants/ HTTP/1.1" 200 2906
Not Found: /tenants/6c2b694a-63e5-44a2-a99a-c8bf57e6b2ed/supprimer/
[09/Jun/2026 17:57:28] "POST /tenants/6c2b694a-63e5-44a2-a99a-c8bf57e6b2ed/supprimer/ HTTP/1.1" 404 5635
Not Found: /tenants/6c2b694a-63e5-44a2-a99a-c8bf57e6b2ed/supprimer/
[09/Jun/2026 17:57:30] "GET /tenants/6c2b694a-63e5-44a2-a99a-c8bf57e6b2ed/supprimer/ HTTP/1.1" 404 5634
[09/Jun/2026 17:57:47] "GET /licenses/ HTTP/1.1" 200 2895
[09/Jun/2026 17:57:48] "GET /devices/ HTTP/1.1" 200 2928
[09/Jun/2026 17:57:50] "GET /tenants/ HTTP/1.1" 200 2906
[09/Jun/2026 18:03:56] "GET /tenants/ HTTP/1.1" 200 2906
[09/Jun/2026 18:03:56] "GET /static/css/main.css HTTP/1.1" 304 0
